*** Starting uWSGI 2.0.20 (64bit) on [Fri Apr 29 05:35:40 2022] ***
compiled with version: 7.5.0 on 22 April 2022 13:27:19
os: Linux-4.4.0-1128-aws #142-Ubuntu SMP Fri Apr 16 12:42:33 UTC 2021
nodename: goorm
machine: x86_64
clock source: unix
pcre jit disabled
detected number of CPU cores: 8
current working directory: /workspace/mbittest
writing pidfile to /workspace/mbittest/tmp/MBIT.pid
detected binary path: /workspace/mbittest/myvenv/bin/uwsgi
chdir() to /workspace/mbittest/
your memory page size is 4096 bytes
detected max file descriptor number: 1024
building mime-types dictionary from file /etc/mime.types...554 entry found
lock engine: pthread robust mutexes
thunder lock: disabled (you can enable it with --thunder-lock)
uwsgi socket 0 bound to UNIX address /workspace/mbittest/tmp/MBIT.sock fd 3
*** WARNING: you are running uWSGI as root !!! (use the --uid flag) *** 
Python version: 3.7.4 (default, Nov  4 2020, 10:17:35)  [GCC 7.4.0]
PEP 405 virtualenv detected: /workspace/mbittest/myvenv/
Set PythonHome to /workspace/mbittest/myvenv/
Python main interpreter initialized at 0x55b9d2513190
*** WARNING: you are running uWSGI as root !!! (use the --uid flag) *** 
python threads support enabled
your server socket listen backlog is limited to 100 connections
your mercy for graceful operations on workers is 60 seconds
mapped 145840 bytes (142 KB) for 1 cores
*** Operational MODE: single process ***
WSGI app 0 (mountpoint='') ready in 1 seconds on interpreter 0x55b9d2513190 pid: 656 (default app)
*** WARNING: you are running uWSGI as root !!! (use the --uid flag) *** 
spawned uWSGI master process (pid: 656)
spawned uWSGI worker 1 (pid: 664, cores: 1)
subprocess 657 exited with code 0
SIGINT/SIGTERM received...killing workers...
worker 1 buried after 1 seconds
goodbye to uWSGI.
VACUUM: pidfile removed.
VACUUM: unix socket /workspace/mbittest/tmp/MBIT.sock removed.
*** Starting uWSGI 2.0.20 (64bit) on [Fri Apr 29 14:17:53 2022] ***
compiled with version: 7.5.0 on 22 April 2022 13:27:19
os: Linux-4.4.0-1128-aws #142-Ubuntu SMP Fri Apr 16 12:42:33 UTC 2021
nodename: goorm
machine: x86_64
clock source: unix
pcre jit disabled
detected number of CPU cores: 8
current working directory: /workspace/mbittest
writing pidfile to /workspace/mbittest/tmp/MBIT.pid
detected binary path: /workspace/mbittest/myvenv/bin/uwsgi
chdir() to /workspace/mbittest/
your memory page size is 4096 bytes
detected max file descriptor number: 1024
building mime-types dictionary from file /etc/mime.types...554 entry found
lock engine: pthread robust mutexes
thunder lock: disabled (you can enable it with --thunder-lock)
uwsgi socket 0 bound to UNIX address /workspace/mbittest/tmp/MBIT.sock fd 3
*** WARNING: you are running uWSGI as root !!! (use the --uid flag) *** 
Python version: 3.7.4 (default, Nov  4 2020, 10:17:35)  [GCC 7.4.0]
PEP 405 virtualenv detected: /workspace/mbittest/myvenv/
Set PythonHome to /workspace/mbittest/myvenv/
Python main interpreter initialized at 0x55ba2ebbc190
*** WARNING: you are running uWSGI as root !!! (use the --uid flag) *** 
python threads support enabled
your server socket listen backlog is limited to 100 connections
your mercy for graceful operations on workers is 60 seconds
mapped 145840 bytes (142 KB) for 1 cores
*** Operational MODE: single process ***
WSGI app 0 (mountpoint='') ready in 1 seconds on interpreter 0x55ba2ebbc190 pid: 1354 (default app)
*** WARNING: you are running uWSGI as root !!! (use the --uid flag) *** 
spawned uWSGI master process (pid: 1354)
spawned uWSGI worker 1 (pid: 1357, cores: 1)
subprocess 1355 exited with code 0
[pid: 1357|app: 0|req: 1/1] 172.17.0.1 () {58 vars in 3114 bytes} [Fri Apr 29 14:17:54 2022] GET /?t=1651241873894 => generated 2277 bytes in 192 msecs (HTTP/1.1 200) 5 headers in 167 bytes (1 switches on core 0)
Not Found: /favicon.ico
[pid: 1357|app: 0|req: 2/2] 172.17.0.1 () {54 vars in 2999 bytes} [Fri Apr 29 14:17:55 2022] GET /favicon.ico => generated 2809 bytes in 68 msecs (HTTP/1.1 404) 5 headers in 159 bytes (1 switches on core 0)
[pid: 1357|app: 0|req: 3/3] 172.17.0.1 () {58 vars in 3122 bytes} [Fri Apr 29 14:17:58 2022] GET /form/ => generated 34150 bytes in 241 msecs (HTTP/1.1 200) 7 headers in 350 bytes (1 switches on core 0)
SIGINT/SIGTERM received...killing workers...
worker 1 buried after 1 seconds
goodbye to uWSGI.
VACUUM: pidfile removed.
VACUUM: unix socket /workspace/mbittest/tmp/MBIT.sock removed.
*** Starting uWSGI 2.0.20 (64bit) on [Fri Apr 29 14:21:05 2022] ***
compiled with version: 7.5.0 on 22 April 2022 13:27:19
os: Linux-4.4.0-1128-aws #142-Ubuntu SMP Fri Apr 16 12:42:33 UTC 2021
nodename: goorm
machine: x86_64
clock source: unix
pcre jit disabled
detected number of CPU cores: 8
current working directory: /workspace/mbittest
writing pidfile to /workspace/mbittest/tmp/MBIT.pid
detected binary path: /workspace/mbittest/myvenv/bin/uwsgi
chdir() to /workspace/mbittest/
your memory page size is 4096 bytes
detected max file descriptor number: 1024
building mime-types dictionary from file /etc/mime.types...554 entry found
lock engine: pthread robust mutexes
thunder lock: disabled (you can enable it with --thunder-lock)
uwsgi socket 0 bound to UNIX address /workspace/mbittest/tmp/MBIT.sock fd 3
*** WARNING: you are running uWSGI as root !!! (use the --uid flag) *** 
Python version: 3.7.4 (default, Nov  4 2020, 10:17:35)  [GCC 7.4.0]
PEP 405 virtualenv detected: /workspace/mbittest/myvenv/
Set PythonHome to /workspace/mbittest/myvenv/
Python main interpreter initialized at 0x55e38f14a190
*** WARNING: you are running uWSGI as root !!! (use the --uid flag) *** 
python threads support enabled
your server socket listen backlog is limited to 100 connections
your mercy for graceful operations on workers is 60 seconds
mapped 145840 bytes (142 KB) for 1 cores
*** Operational MODE: single process ***
WSGI app 0 (mountpoint='') ready in 2 seconds on interpreter 0x55e38f14a190 pid: 1428 (default app)
*** WARNING: you are running uWSGI as root !!! (use the --uid flag) *** 
spawned uWSGI master process (pid: 1428)
spawned uWSGI worker 1 (pid: 1431, cores: 1)
subprocess 1429 exited with code 0
[pid: 1431|app: 0|req: 1/1] 172.17.0.1 () {58 vars in 3191 bytes} [Fri Apr 29 14:21:11 2022] GET /?t=1651242070580 => generated 2277 bytes in 49 msecs (HTTP/1.1 200) 5 headers in 167 bytes (1 switches on core 0)
[pid: 1431|app: 0|req: 2/2] 172.17.0.1 () {58 vars in 3199 bytes} [Fri Apr 29 14:21:12 2022] GET /form/ => generated 34150 bytes in 184 msecs (HTTP/1.1 200) 7 headers in 350 bytes (1 switches on core 0)
[pid: 1431|app: 0|req: 3/3] 172.17.0.1 () {66 vars in 3390 bytes} [Fri Apr 29 14:21:30 2022] POST /submit/ => generated 0 bytes in 61 msecs (HTTP/1.1 302) 6 headers in 188 bytes (1 switches on core 0)
[pid: 1431|app: 0|req: 4/4] 172.17.0.1 () {60 vars in 3225 bytes} [Fri Apr 29 14:21:30 2022] GET /result/5 => generated 5206 bytes in 4 msecs (HTTP/1.1 200) 5 headers in 167 bytes (1 switches on core 0)
[pid: 1431|app: 0|req: 5/5] 172.17.0.1 () {60 vars in 3225 bytes} [Fri Apr 29 14:21:34 2022] GET /result/5 => generated 5206 bytes in 6 msecs (HTTP/1.1 200) 5 headers in 167 bytes (1 switches on core 0)
[pid: 1431|app: 0|req: 6/6] 172.17.0.1 () {60 vars in 3225 bytes} [Fri Apr 29 14:21:34 2022] GET /result/5 => generated 5206 bytes in 4 msecs (HTTP/1.1 200) 5 headers in 167 bytes (1 switches on core 0)
[pid: 1431|app: 0|req: 7/7] 172.17.0.1 () {60 vars in 3225 bytes} [Fri Apr 29 14:21:35 2022] GET /result/5 => generated 5206 bytes in 4 msecs (HTTP/1.1 200) 5 headers in 167 bytes (1 switches on core 0)
[pid: 1431|app: 0|req: 8/8] 172.17.0.1 () {60 vars in 3225 bytes} [Fri Apr 29 14:21:35 2022] GET /result/5 => generated 5206 bytes in 4 msecs (HTTP/1.1 200) 5 headers in 167 bytes (1 switches on core 0)
[pid: 1431|app: 0|req: 9/9] 172.17.0.1 () {60 vars in 3225 bytes} [Fri Apr 29 14:21:38 2022] GET /result/5 => generated 5206 bytes in 7 msecs (HTTP/1.1 200) 5 headers in 167 bytes (1 switches on core 0)
[pid: 1431|app: 0|req: 10/10] 172.17.0.1 () {58 vars in 3197 bytes} [Fri Apr 29 14:21:39 2022] GET /result/5 => generated 5206 bytes in 5 msecs (HTTP/1.1 200) 5 headers in 167 bytes (1 switches on core 0)
[pid: 1431|app: 0|req: 11/11] 172.17.0.1 () {58 vars in 3181 bytes} [Fri Apr 29 14:21:42 2022] GET / => generated 2277 bytes in 4 msecs (HTTP/1.1 200) 5 headers in 167 bytes (1 switches on core 0)
